<?xml version="1.0" encoding="UTF-8"?>
<testsuite xmlns:xsi="http://www.w3.org/2001/XMLSchema-instance" xsi:noNamespaceSchemaLocation="https://maven.apache.org/surefire/maven-surefire-plugin/xsd/surefire-test-report-3.0.xsd" version="3.0" name="by.mygeekacademy.library.dao.TestOrderDAO" time="0.065" tests="15" errors="0" skipped="0" failures="0">
  <properties>
[...]
</properties>
  <testcase name="createOrderTest" classname="by.mygeekacademy.library.dao.TestOrderDAO" time="0"/>
  <testcase name="deleteOrderTestPositive" classname="by.mygeekacademy.library.dao.TestOrderDAO" time="0.005"/>
  <testcase name="deleteOrderTestNegative{int}[1]" classname="by.mygeekacademy.library.dao.TestOrderDAO" time="0.005"/>
  <testcase name="deleteOrderTestNegative{int}[2]" classname="by.mygeekacademy.library.dao.TestOrderDAO" time="0"/>
  <testcase name="deleteOrderTestNegative{int}[3]" classname="by.mygeekacademy.library.dao.TestOrderDAO" time="0.002"/>
  <testcase name="readOrderTestPositive{int}[1]" classname="by.mygeekacademy.library.dao.TestOrderDAO" time="0.004"/>
  <testcase name="readOrderTestPositive{int}[2]" classname="by.mygeekacademy.library.dao.TestOrderDAO" time="0.002"/>
  <testcase name="readOrderTestNegative{int}[1]" classname="by.mygeekacademy.library.dao.TestOrderDAO" time="0.003"/>
  <testcase name="readOrderTestNegative{int}[2]" classname="by.mygeekacademy.library.dao.TestOrderDAO" time="0.012"/>
  <testcase name="readOrderTestNegative{int}[3]" classname="by.mygeekacademy.library.dao.TestOrderDAO" time="0.001"/>
  <testcase name="findByReaderIDOrderTest" classname="by.mygeekacademy.library.dao.TestOrderDAO" time="0"/>
  <testcase name="findByBookIDOrderTest" classname="by.mygeekacademy.library.dao.TestOrderDAO" time="0"/>
  <testcase name="updateOrderTest{int}[1]" classname="by.mygeekacademy.library.dao.TestOrderDAO" time="0.011"/>
  <testcase name="updateOrderTest{int}[2]" classname="by.mygeekacademy.library.dao.TestOrderDAO" time="0.004"/>
  <testcase name="updateOrderTest{int}[3]" classname="by.mygeekacademy.library.dao.TestOrderDAO" time="0.007"/>
</testsuite>